{"/Users/emilykral/Documents/futureproof/LAP2/project/habit-tracking/client/static/js/auth.js": {"path":"/Users/emilykral/Documents/futureproof/LAP2/project/habit-tracking/client/static/js/auth.js","statementMap":{"0":{"start":{"line":2,"column":1},"end":{"line":2,"column":20}},"1":{"start":{"line":3,"column":1},"end":{"line":17,"column":2}},"2":{"start":{"line":4,"column":18},"end":{"line":8,"column":3}},"3":{"start":{"line":9,"column":12},"end":{"line":9,"column":68}},"4":{"start":{"line":10,"column":15},"end":{"line":10,"column":29}},"5":{"start":{"line":11,"column":2},"end":{"line":13,"column":3}},"6":{"start":{"line":12,"column":3},"end":{"line":12,"column":43}},"7":{"start":{"line":14,"column":2},"end":{"line":14,"column":20}},"8":{"start":{"line":16,"column":2},"end":{"line":16,"column":20}},"9":{"start":{"line":21,"column":1},"end":{"line":21,"column":20}},"10":{"start":{"line":22,"column":1},"end":{"line":36,"column":2}},"11":{"start":{"line":23,"column":18},"end":{"line":27,"column":3}},"12":{"start":{"line":28,"column":12},"end":{"line":28,"column":71}},"13":{"start":{"line":29,"column":15},"end":{"line":29,"column":29}},"14":{"start":{"line":30,"column":2},"end":{"line":32,"column":3}},"15":{"start":{"line":31,"column":3},"end":{"line":31,"column":25}},"16":{"start":{"line":33,"column":2},"end":{"line":33,"column":18}},"17":{"start":{"line":35,"column":2},"end":{"line":35,"column":20}},"18":{"start":{"line":40,"column":14},"end":{"line":40,"column":31}},"19":{"start":{"line":41,"column":1},"end":{"line":41,"column":38}},"20":{"start":{"line":42,"column":1},"end":{"line":42,"column":49}},"21":{"start":{"line":43,"column":1},"end":{"line":43,"column":47}},"22":{"start":{"line":44,"column":1},"end":{"line":44,"column":45}},"23":{"start":{"line":45,"column":1},"end":{"line":45,"column":19}},"24":{"start":{"line":46,"column":1},"end":{"line":46,"column":33}},"25":{"start":{"line":50,"column":1},"end":{"line":50,"column":22}},"26":{"start":{"line":51,"column":1},"end":{"line":51,"column":33}},"27":{"start":{"line":55,"column":18},"end":{"line":55,"column":50}},"28":{"start":{"line":56,"column":1},"end":{"line":56,"column":17}},"29":{"start":{"line":59,"column":0},"end":{"line":59,"column":83}}},"fnMap":{"0":{"name":"requestLogin","decl":{"start":{"line":1,"column":15},"end":{"line":1,"column":27}},"loc":{"start":{"line":1,"column":31},"end":{"line":18,"column":1}},"line":1},"1":{"name":"requestRegistration","decl":{"start":{"line":20,"column":15},"end":{"line":20,"column":34}},"loc":{"start":{"line":20,"column":38},"end":{"line":37,"column":1}},"line":20},"2":{"name":"login","decl":{"start":{"line":39,"column":9},"end":{"line":39,"column":14}},"loc":{"start":{"line":39,"column":22},"end":{"line":47,"column":1}},"line":39},"3":{"name":"logout","decl":{"start":{"line":49,"column":9},"end":{"line":49,"column":15}},"loc":{"start":{"line":49,"column":18},"end":{"line":52,"column":1}},"line":49},"4":{"name":"currentUser","decl":{"start":{"line":54,"column":9},"end":{"line":54,"column":20}},"loc":{"start":{"line":54,"column":23},"end":{"line":57,"column":1}},"line":54}},"branchMap":{"0":{"loc":{"start":{"line":11,"column":2},"end":{"line":13,"column":3}},"type":"if","locations":[{"start":{"line":11,"column":2},"end":{"line":13,"column":3}},{"start":{},"end":{}}],"line":11},"1":{"loc":{"start":{"line":30,"column":2},"end":{"line":32,"column":3}},"type":"if","locations":[{"start":{"line":30,"column":2},"end":{"line":32,"column":3}},{"start":{},"end":{}}],"line":30}},"s":{"0":0,"1":0,"2":0,"3":0,"4":0,"5":0,"6":0,"7":0,"8":0,"9":0,"10":0,"11":0,"12":0,"13":0,"14":0,"15":0,"16":0,"17":0,"18":0,"19":0,"20":0,"21":0,"22":0,"23":0,"24":0,"25":0,"26":0,"27":0,"28":0,"29":1},"f":{"0":0,"1":0,"2":0,"3":0,"4":0},"b":{"0":[0,0],"1":[0,0]},"_coverageSchema":"1a1c01bbd47fc00a2c39e90264f33305004495a9","hash":"f53109fcf0ba341126d13fbf590fc34fa96eba42"}
,"/Users/emilykral/Documents/futureproof/LAP2/project/habit-tracking/client/static/js/requests.js": {"path":"/Users/emilykral/Documents/futureproof/LAP2/project/habit-tracking/client/static/js/requests.js","statementMap":{"0":{"start":{"line":1,"column":19},"end":{"line":1,"column":36}},"1":{"start":{"line":4,"column":1},"end":{"line":17,"column":2}},"2":{"start":{"line":5,"column":18},"end":{"line":7,"column":3}},"3":{"start":{"line":8,"column":19},"end":{"line":8,"column":68}},"4":{"start":{"line":9,"column":15},"end":{"line":9,"column":36}},"5":{"start":{"line":10,"column":2},"end":{"line":13,"column":3}},"6":{"start":{"line":11,"column":3},"end":{"line":11,"column":26}},"7":{"start":{"line":12,"column":3},"end":{"line":12,"column":12}},"8":{"start":{"line":14,"column":2},"end":{"line":14,"column":14}},"9":{"start":{"line":16,"column":2},"end":{"line":16,"column":20}},"10":{"start":{"line":21,"column":1},"end":{"line":33,"column":2}},"11":{"start":{"line":22,"column":18},"end":{"line":24,"column":3}},"12":{"start":{"line":25,"column":19},"end":{"line":25,"column":68}},"13":{"start":{"line":26,"column":15},"end":{"line":26,"column":36}},"14":{"start":{"line":27,"column":2},"end":{"line":30,"column":3}},"15":{"start":{"line":28,"column":3},"end":{"line":28,"column":26}},"16":{"start":{"line":29,"column":3},"end":{"line":29,"column":12}},"17":{"start":{"line":32,"column":2},"end":{"line":32,"column":20}},"18":{"start":{"line":37,"column":1},"end":{"line":58,"column":2}},"19":{"start":{"line":38,"column":2},"end":{"line":38,"column":21}},"20":{"start":{"line":39,"column":18},"end":{"line":39,"column":29}},"21":{"start":{"line":40,"column":16},"end":{"line":40,"column":30}},"22":{"start":{"line":41,"column":17},"end":{"line":41,"column":47}},"23":{"start":{"line":42,"column":18},"end":{"line":49,"column":3}},"24":{"start":{"line":50,"column":19},"end":{"line":50,"column":46}},"25":{"start":{"line":51,"column":15},"end":{"line":51,"column":36}},"26":{"start":{"line":52,"column":2},"end":{"line":54,"column":3}},"27":{"start":{"line":53,"column":3},"end":{"line":53,"column":26}},"28":{"start":{"line":55,"column":2},"end":{"line":55,"column":14}},"29":{"start":{"line":57,"column":2},"end":{"line":57,"column":20}},"30":{"start":{"line":62,"column":1},"end":{"line":80,"column":2}},"31":{"start":{"line":63,"column":2},"end":{"line":63,"column":21}},"32":{"start":{"line":64,"column":18},"end":{"line":71,"column":3}},"33":{"start":{"line":72,"column":12},"end":{"line":72,"column":41}},"34":{"start":{"line":73,"column":15},"end":{"line":73,"column":29}},"35":{"start":{"line":74,"column":2},"end":{"line":76,"column":3}},"36":{"start":{"line":75,"column":3},"end":{"line":75,"column":26}},"37":{"start":{"line":77,"column":2},"end":{"line":77,"column":14}},"38":{"start":{"line":79,"column":2},"end":{"line":79,"column":20}},"39":{"start":{"line":83,"column":0},"end":{"line":83,"column":73}}},"fnMap":{"0":{"name":"getHabits","decl":{"start":{"line":3,"column":15},"end":{"line":3,"column":24}},"loc":{"start":{"line":3,"column":35},"end":{"line":18,"column":1}},"line":3},"1":{"name":"getInfoAboutHabit","decl":{"start":{"line":20,"column":15},"end":{"line":20,"column":32}},"loc":{"start":{"line":20,"column":37},"end":{"line":34,"column":1}},"line":20},"2":{"name":"updateHabit","decl":{"start":{"line":36,"column":15},"end":{"line":36,"column":26}},"loc":{"start":{"line":36,"column":30},"end":{"line":59,"column":1}},"line":36},"3":{"name":"addHabit","decl":{"start":{"line":61,"column":15},"end":{"line":61,"column":23}},"loc":{"start":{"line":61,"column":27},"end":{"line":81,"column":1}},"line":61}},"branchMap":{"0":{"loc":{"start":{"line":10,"column":2},"end":{"line":13,"column":3}},"type":"if","locations":[{"start":{"line":10,"column":2},"end":{"line":13,"column":3}},{"start":{},"end":{}}],"line":10},"1":{"loc":{"start":{"line":27,"column":2},"end":{"line":30,"column":3}},"type":"if","locations":[{"start":{"line":27,"column":2},"end":{"line":30,"column":3}},{"start":{},"end":{}}],"line":27},"2":{"loc":{"start":{"line":52,"column":2},"end":{"line":54,"column":3}},"type":"if","locations":[{"start":{"line":52,"column":2},"end":{"line":54,"column":3}},{"start":{},"end":{}}],"line":52},"3":{"loc":{"start":{"line":74,"column":2},"end":{"line":76,"column":3}},"type":"if","locations":[{"start":{"line":74,"column":2},"end":{"line":76,"column":3}},{"start":{},"end":{}}],"line":74}},"s":{"0":1,"1":1,"2":1,"3":1,"4":1,"5":0,"6":0,"7":0,"8":0,"9":1,"10":1,"11":1,"12":1,"13":1,"14":0,"15":0,"16":0,"17":1,"18":1,"19":1,"20":1,"21":1,"22":1,"23":1,"24":1,"25":1,"26":0,"27":0,"28":0,"29":1,"30":1,"31":1,"32":1,"33":1,"34":1,"35":0,"36":0,"37":0,"38":1,"39":1},"f":{"0":1,"1":1,"2":1,"3":1},"b":{"0":[0,0],"1":[0,0],"2":[0,0],"3":[0,0]},"_coverageSchema":"1a1c01bbd47fc00a2c39e90264f33305004495a9","hash":"739609e57a9e4eea7edfd7d980f519dc2dc0381d"}
}
