TN:
SF:static/js/auth.js
FN:1,requestLogin
FN:20,requestRegistration
FN:39,login
FN:49,logout
FN:54,currentUser
FNF:5
FNH:0
FNDA:0,requestLogin
FNDA:0,requestRegistration
FNDA:0,login
FNDA:0,logout
FNDA:0,currentUser
DA:2,0
DA:3,0
DA:4,0
DA:9,0
DA:10,0
DA:11,0
DA:12,0
DA:14,0
DA:16,0
DA:21,0
DA:22,0
DA:23,0
DA:28,0
DA:29,0
DA:30,0
DA:31,0
DA:33,0
DA:35,0
DA:40,0
DA:41,0
DA:42,0
DA:43,0
DA:44,0
DA:45,0
DA:46,0
DA:50,0
DA:51,0
DA:55,0
DA:56,0
DA:59,1
LF:30
LH:1
BRDA:11,0,0,0
BRDA:11,0,1,0
BRDA:30,1,0,0
BRDA:30,1,1,0
BRF:4
BRH:0
end_of_record
TN:
SF:static/js/requests.js
FN:3,getHabits
FN:20,getInfoAboutHabit
FN:36,updateHabit
FN:61,addHabit
FNF:4
FNH:4
FNDA:1,getHabits
FNDA:1,getInfoAboutHabit
FNDA:1,updateHabit
FNDA:1,addHabit
DA:1,1
DA:4,1
DA:5,1
DA:8,1
DA:9,1
DA:10,0
DA:11,0
DA:12,0
DA:14,0
DA:16,1
DA:21,1
DA:22,1
DA:25,1
DA:26,1
DA:27,0
DA:28,0
DA:29,0
DA:32,1
DA:37,1
DA:38,1
DA:39,1
DA:40,1
DA:41,1
DA:42,1
DA:50,1
DA:51,1
DA:52,0
DA:53,0
DA:55,0
DA:57,1
DA:62,1
DA:63,1
DA:64,1
DA:72,1
DA:73,1
DA:74,0
DA:75,0
DA:77,0
DA:79,1
DA:83,1
LF:40
LH:27
BRDA:10,0,0,0
BRDA:10,0,1,0
BRDA:27,1,0,0
BRDA:27,1,1,0
BRDA:52,2,0,0
BRDA:52,2,1,0
BRDA:74,3,0,0
BRDA:74,3,1,0
BRF:8
BRH:0
end_of_record
